2018-06-29 11:14:13,438 [django.request:93] [base:get_response] [WARNING]- Not Found: /
2018-06-29 11:14:32,678 [HttpRunnerManager:45] [views:login] [INFO]- yinquanwang µÇÂ¼³É¹¦
2018-06-29 11:14:33,058 [django.request:93] [base:get_response] [WARNING]- Not Found: /static/assets/js/commons.js
2018-06-29 11:14:33,499 [django.request:93] [base:get_response] [WARNING]- Not Found: /static/assets/js/commons.js
2018-06-29 11:14:58,797 [HttpRunnerManager:45] [views:login] [INFO]- yinquanwang µÇÂ¼³É¹¦
2018-06-29 11:48:11,403 [HttpRunnerManager:151] [operation:add_case_data] [INFO]- µÄÓÃÀıÌí¼Ó³É¹¦: {'test': {'request': {'method': 'POST', 'url': ''}, 'name': 'µÄ'}}
2018-06-29 11:48:48,076 [HttpRunnerManager:45] [views:login] [INFO]- yinquanwang µÇÂ¼³É¹¦
2018-07-02 13:34:18,047 [django.request:93] [base:get_response] [WARNING]- Not Found: /static/assets/css/css-index.css
2018-07-02 13:34:18,057 [django.request:93] [base:get_response] [WARNING]- Not Found: /static/assets/img/logo.png
2018-07-02 13:34:18,268 [django.request:93] [base:get_response] [WARNING]- Not Found: /static/assets/js/custom.js
2018-07-02 13:34:18,270 [django.request:93] [base:get_response] [WARNING]- Not Found: /static/assets/js/jquery.sticky.js
2018-07-02 13:34:18,276 [django.request:93] [base:get_response] [WARNING]- Not Found: /static/assets/js/wow.min.js
2018-07-02 13:34:18,278 [django.request:93] [base:get_response] [WARNING]- Not Found: /static/assets/js/owl.carousel.min.js
2018-07-02 13:34:18,296 [django.request:93] [base:get_response] [WARNING]- Not Found: /static/assets/img/bg.jpg
2018-07-02 13:34:18,299 [django.request:93] [base:get_response] [WARNING]- Not Found: /static/assets/img/loading.GIF
2018-07-02 13:34:18,352 [django.request:93] [base:get_response] [WARNING]- Not Found: /static/assets/js/custom.js
2018-07-02 13:34:18,364 [django.request:93] [base:get_response] [WARNING]- Not Found: /static/assets/js/jquery.sticky.js
2018-07-02 13:34:18,370 [django.request:93] [base:get_response] [WARNING]- Not Found: /static/assets/js/wow.min.js
2018-07-02 13:34:18,383 [django.request:93] [base:get_response] [WARNING]- Not Found: /static/assets/js/owl.carousel.min.js
2018-07-02 13:34:18,578 [django.request:93] [base:get_response] [WARNING]- Not Found: /static/assets/img/favicon.ico
2018-07-02 13:34:21,442 [django.request:93] [base:get_response] [WARNING]- Not Found: /static/assets/css/css-index.css
2018-07-02 13:34:21,445 [django.request:93] [base:get_response] [WARNING]- Not Found: /static/assets/js/custom.js
2018-07-02 13:34:21,449 [django.request:93] [base:get_response] [WARNING]- Not Found: /static/assets/img/logo.png
2018-07-02 13:34:21,484 [django.request:93] [base:get_response] [WARNING]- Not Found: /static/assets/js/jquery.sticky.js
2018-07-02 13:34:21,487 [django.request:93] [base:get_response] [WARNING]- Not Found: /static/assets/js/wow.min.js
2018-07-02 13:34:21,492 [django.request:93] [base:get_response] [WARNING]- Not Found: /static/assets/js/owl.carousel.min.js
2018-07-02 13:34:21,508 [django.request:93] [base:get_response] [WARNING]- Not Found: /static/assets/js/custom.js
2018-07-02 13:34:21,516 [django.request:93] [base:get_response] [WARNING]- Not Found: /static/assets/img/bg.jpg
2018-07-02 13:34:21,519 [django.request:93] [base:get_response] [WARNING]- Not Found: /static/assets/img/loading.GIF
2018-07-02 13:34:21,531 [django.request:93] [base:get_response] [WARNING]- Not Found: /static/assets/js/jquery.sticky.js
2018-07-02 13:34:21,540 [django.request:93] [base:get_response] [WARNING]- Not Found: /static/assets/js/wow.min.js
2018-07-02 13:34:21,545 [django.request:93] [base:get_response] [WARNING]- Not Found: /static/assets/js/owl.carousel.min.js
2018-07-02 13:34:22,424 [django.request:93] [base:get_response] [WARNING]- Not Found: /static/assets/css/css-index.css
2018-07-02 13:34:22,426 [django.request:93] [base:get_response] [WARNING]- Not Found: /static/assets/img/logo.png
2018-07-02 13:34:22,429 [django.request:93] [base:get_response] [WARNING]- Not Found: /static/assets/js/custom.js
2018-07-02 13:34:22,465 [django.request:93] [base:get_response] [WARNING]- Not Found: /static/assets/js/jquery.sticky.js
2018-07-02 13:34:22,466 [django.request:93] [base:get_response] [WARNING]- Not Found: /static/assets/js/wow.min.js
2018-07-02 13:34:22,468 [django.request:93] [base:get_response] [WARNING]- Not Found: /static/assets/js/owl.carousel.min.js
2018-07-02 13:34:22,480 [django.request:93] [base:get_response] [WARNING]- Not Found: /static/assets/js/custom.js
2018-07-02 13:34:22,483 [django.request:93] [base:get_response] [WARNING]- Not Found: /static/assets/img/bg.jpg
2018-07-02 13:34:22,490 [django.request:93] [base:get_response] [WARNING]- Not Found: /static/assets/img/loading.GIF
2018-07-02 13:34:22,498 [django.request:93] [base:get_response] [WARNING]- Not Found: /static/assets/js/jquery.sticky.js
2018-07-02 13:34:22,506 [django.request:93] [base:get_response] [WARNING]- Not Found: /static/assets/js/wow.min.js
2018-07-02 13:34:22,509 [django.request:93] [base:get_response] [WARNING]- Not Found: /static/assets/js/owl.carousel.min.js
2018-07-02 13:35:30,488 [HttpRunnerManager:45] [views:login] [INFO]- yinquanwang µÇÂ¼³É¹¦
2018-07-02 13:48:28,352 [HttpRunnerManager:45] [views:login] [INFO]- yinquanwang µÇÂ¼³É¹¦
2018-07-02 13:53:41,984 [django.request:118] [exception:handle_uncaught_exception] [ERROR]- Internal Server Error: /api/test_list/1/
Traceback (most recent call last):
  File "E:\Python35\lib\site-packages\django\core\handlers\exception.py", line 35, in inner
    response = get_response(request)
  File "E:\Python35\lib\site-packages\django\core\handlers\base.py", line 128, in _get_response
    response = self.process_exception_by_middleware(e, request)
  File "E:\Python35\lib\site-packages\django\core\handlers\base.py", line 126, in _get_response
    response = wrapped_callback(request, *callback_args, **callback_kwargs)
  File "D:/HttpRunnerManager\HttpRunnerManager\activator.py", line 15, in process
    result = fun(request, index) if index else fun(request)
  File "D:/HttpRunnerManager\ApiManager\views.py", line 379, in test_list
    filter_query = set_filter_session(request)
  File "D:/HttpRunnerManager\ApiManager\utils\common.py", line 439, in set_filter_session
    'belong_project': request.session['project'],
  File "E:\Python35\lib\site-packages\django\contrib\sessions\backends\base.py", line 55, in __getitem__
    return self._session[key]
KeyError: 'project'
2018-07-02 13:53:49,147 [django.request:118] [exception:handle_uncaught_exception] [ERROR]- Internal Server Error: /api/test_list/1/
Traceback (most recent call last):
  File "E:\Python35\lib\site-packages\django\core\handlers\exception.py", line 35, in inner
    response = get_response(request)
  File "E:\Python35\lib\site-packages\django\core\handlers\base.py", line 128, in _get_response
    response = self.process_exception_by_middleware(e, request)
  File "E:\Python35\lib\site-packages\django\core\handlers\base.py", line 126, in _get_response
    response = wrapped_callback(request, *callback_args, **callback_kwargs)
  File "D:/HttpRunnerManager\HttpRunnerManager\activator.py", line 15, in process
    result = fun(request, index) if index else fun(request)
  File "D:/HttpRunnerManager\ApiManager\views.py", line 379, in test_list
    filter_query = set_filter_session(request)
  File "D:/HttpRunnerManager\ApiManager\utils\common.py", line 439, in set_filter_session
    'belong_project': request.session['project'],
  File "E:\Python35\lib\site-packages\django\contrib\sessions\backends\base.py", line 55, in __getitem__
    return self._session[key]
KeyError: 'project'
2018-07-02 13:54:04,117 [HttpRunnerManager:78] [views:log_out] [INFO]- yinquanwangÍË³ö
2018-07-02 13:54:07,459 [HttpRunnerManager:45] [views:login] [INFO]- yinquanwang µÇÂ¼³É¹¦
2018-07-02 13:57:09,661 [HttpRunnerManager:78] [views:log_out] [INFO]- yinquanwangÍË³ö
2018-07-02 13:57:11,824 [HttpRunnerManager:45] [views:login] [INFO]- yinquanwang µÇÂ¼³É¹¦
2018-07-02 14:04:39,039 [HttpRunnerManager:78] [views:log_out] [INFO]- yinquanwangÍË³ö
2018-07-02 14:04:44,830 [HttpRunnerManager:45] [views:login] [INFO]- yinquanwang µÇÂ¼³É¹¦
2018-07-02 14:04:54,650 [django.request:118] [exception:handle_uncaught_exception] [ERROR]- Internal Server Error: /api/test_list/1/
Traceback (most recent call last):
  File "E:\Python35\lib\site-packages\django\core\handlers\exception.py", line 35, in inner
    response = get_response(request)
  File "E:\Python35\lib\site-packages\django\core\handlers\base.py", line 128, in _get_response
    response = self.process_exception_by_middleware(e, request)
  File "E:\Python35\lib\site-packages\django\core\handlers\base.py", line 126, in _get_response
    response = wrapped_callback(request, *callback_args, **callback_kwargs)
  File "D:\HttpRunnerManager\HttpRunnerManager\activator.py", line 15, in process
    result = fun(request, index) if index else fun(request)
  File "D:\HttpRunnerManager\ApiManager\views.py", line 379, in test_list
    filter_query = set_filter_session(request)
  File "D:\HttpRunnerManager\ApiManager\utils\common.py", line 432, in set_filter_session
    request.session['module'] = ModuleInfo.objects.get(id=request.POST.get('module')).module_name
  File "E:\Python35\lib\site-packages\django\db\models\manager.py", line 82, in manager_method
    return getattr(self.get_queryset(), name)(*args, **kwargs)
  File "E:\Python35\lib\site-packages\django\db\models\query.py", line 394, in get
    clone = self.filter(*args, **kwargs)
  File "E:\Python35\lib\site-packages\django\db\models\query.py", line 836, in filter
    return self._filter_or_exclude(False, *args, **kwargs)
  File "E:\Python35\lib\site-packages\django\db\models\query.py", line 854, in _filter_or_exclude
    clone.query.add_q(Q(*args, **kwargs))
  File "E:\Python35\lib\site-packages\django\db\models\sql\query.py", line 1253, in add_q
    clause, _ = self._add_q(q_object, self.used_aliases)
  File "E:\Python35\lib\site-packages\django\db\models\sql\query.py", line 1277, in _add_q
    split_subq=split_subq,
  File "E:\Python35\lib\site-packages\django\db\models\sql\query.py", line 1215, in build_filter
    condition = self.build_lookup(lookups, col, value)
  File "E:\Python35\lib\site-packages\django\db\models\sql\query.py", line 1085, in build_lookup
    lookup = lookup_class(lhs, rhs)
  File "E:\Python35\lib\site-packages\django\db\models\lookups.py", line 18, in __init__
    self.rhs = self.get_prep_lookup()
  File "E:\Python35\lib\site-packages\django\db\models\lookups.py", line 68, in get_prep_lookup
    return self.lhs.output_field.get_prep_value(self.rhs)
  File "E:\Python35\lib\site-packages\django\db\models\fields\__init__.py", line 947, in get_prep_value
    return int(value)
ValueError: invalid literal for int() with base 10: ''
2018-07-02 14:06:02,565 [django.request:118] [exception:handle_uncaught_exception] [ERROR]- Internal Server Error: /api/config_list/1/
Traceback (most recent call last):
  File "E:\Python35\lib\site-packages\django\core\handlers\exception.py", line 35, in inner
    response = get_response(request)
  File "E:\Python35\lib\site-packages\django\core\handlers\base.py", line 128, in _get_response
    response = self.process_exception_by_middleware(e, request)
  File "E:\Python35\lib\site-packages\django\core\handlers\base.py", line 126, in _get_response
    response = wrapped_callback(request, *callback_args, **callback_kwargs)
  File "D:\HttpRunnerManager\HttpRunnerManager\activator.py", line 15, in process
    result = fun(request, index) if index else fun(request)
  File "D:\HttpRunnerManager\ApiManager\views.py", line 413, in config_list
    filter_query = set_filter_session(request)
  File "D:\HttpRunnerManager\ApiManager\utils\common.py", line 432, in set_filter_session
    request.session['module'] = ModuleInfo.objects.get(id=request.POST.get('module')).module_name
  File "E:\Python35\lib\site-packages\django\db\models\manager.py", line 82, in manager_method
    return getattr(self.get_queryset(), name)(*args, **kwargs)
  File "E:\Python35\lib\site-packages\django\db\models\query.py", line 394, in get
    clone = self.filter(*args, **kwargs)
  File "E:\Python35\lib\site-packages\django\db\models\query.py", line 836, in filter
    return self._filter_or_exclude(False, *args, **kwargs)
  File "E:\Python35\lib\site-packages\django\db\models\query.py", line 854, in _filter_or_exclude
    clone.query.add_q(Q(*args, **kwargs))
  File "E:\Python35\lib\site-packages\django\db\models\sql\query.py", line 1253, in add_q
    clause, _ = self._add_q(q_object, self.used_aliases)
  File "E:\Python35\lib\site-packages\django\db\models\sql\query.py", line 1277, in _add_q
    split_subq=split_subq,
  File "E:\Python35\lib\site-packages\django\db\models\sql\query.py", line 1215, in build_filter
    condition = self.build_lookup(lookups, col, value)
  File "E:\Python35\lib\site-packages\django\db\models\sql\query.py", line 1085, in build_lookup
    lookup = lookup_class(lhs, rhs)
  File "E:\Python35\lib\site-packages\django\db\models\lookups.py", line 18, in __init__
    self.rhs = self.get_prep_lookup()
  File "E:\Python35\lib\site-packages\django\db\models\lookups.py", line 68, in get_prep_lookup
    return self.lhs.output_field.get_prep_value(self.rhs)
  File "E:\Python35\lib\site-packages\django\db\models\fields\__init__.py", line 947, in get_prep_value
    return int(value)
ValueError: invalid literal for int() with base 10: ''
2018-07-02 14:24:14,328 [HttpRunnerManager:78] [views:log_out] [INFO]- yinquanwangÍË³ö
2018-07-02 14:24:16,921 [HttpRunnerManager:45] [views:login] [INFO]- yinquanwang µÇÂ¼³É¹¦
2018-07-02 14:27:17,963 [django.request:118] [exception:handle_uncaught_exception] [ERROR]- Internal Server Error: /api/project_list/1/
Traceback (most recent call last):
  File "E:\Python35\lib\site-packages\django\template\base.py", line 475, in parse
    compile_func = self.tags[command]
KeyError: 'endif'

During handling of the above exception, another exception occurred:

Traceback (most recent call last):
  File "E:\Python35\lib\site-packages\django\core\handlers\exception.py", line 35, in inner
    response = get_response(request)
  File "E:\Python35\lib\site-packages\django\core\handlers\base.py", line 128, in _get_response
    response = self.process_exception_by_middleware(e, request)
  File "E:\Python35\lib\site-packages\django\core\handlers\base.py", line 126, in _get_response
    response = wrapped_callback(request, *callback_args, **callback_kwargs)
  File "D:\HttpRunnerManager\HttpRunnerManager\activator.py", line 15, in process
    result = fun(request, index) if index else fun(request)
  File "D:\HttpRunnerManager\ApiManager\views.py", line 323, in project_list
    return render_to_response('project_list.html', manage_info)
  File "E:\Python35\lib\site-packages\django\shortcuts.py", line 27, in render_to_response
    content = loader.render_to_string(template_name, context, using=using)
  File "E:\Python35\lib\site-packages\django\template\loader.py", line 61, in render_to_string
    template = get_template(template_name, using=using)
  File "E:\Python35\lib\site-packages\django\template\loader.py", line 15, in get_template
    return engine.get_template(template_name)
  File "E:\Python35\lib\site-packages\django\template\backends\django.py", line 34, in get_template
    return Template(self.engine.get_template(template_name), self)
  File "E:\Python35\lib\site-packages\django\template\engine.py", line 144, in get_template
    template, origin = self.find_template(template_name)
  File "E:\Python35\lib\site-packages\django\template\engine.py", line 126, in find_template
    template = loader.get_template(name, skip=skip)
  File "E:\Python35\lib\site-packages\django\template\loaders\base.py", line 30, in get_template
    contents, origin, origin.template_name, self.engine,
  File "E:\Python35\lib\site-packages\django\template\base.py", line 160, in __init__
    self.nodelist = self.compile_nodelist()
  File "E:\Python35\lib\site-packages\django\template\base.py", line 198, in compile_nodelist
    return parser.parse()
  File "E:\Python35\lib\site-packages\django\template\base.py", line 483, in parse
    raise self.error(token, e)
  File "E:\Python35\lib\site-packages\django\template\base.py", line 481, in parse
    compiled_result = compile_func(self, token)
  File "E:\Python35\lib\site-packages\django\template\loader_tags.py", line 290, in do_extends
    nodelist = parser.parse()
  File "E:\Python35\lib\site-packages\django\template\base.py", line 483, in parse
    raise self.error(token, e)
  File "E:\Python35\lib\site-packages\django\template\base.py", line 481, in parse
    compiled_result = compile_func(self, token)
  File "E:\Python35\lib\site-packages\django\template\loader_tags.py", line 233, in do_block
    nodelist = parser.parse(('endblock',))
  File "E:\Python35\lib\site-packages\django\template\base.py", line 477, in parse
    self.invalid_block_tag(token, command, parse_until)
  File "E:\Python35\lib\site-packages\django\template\base.py", line 533, in invalid_block_tag
    get_text_list(["'%s'" % p for p in parse_until], 'or'),
django.template.exceptions.TemplateSyntaxError: Invalid block tag on line 176: 'endif', expected 'endblock'. Did you forget to register or load this tag?
2018-07-02 14:27:44,949 [django.request:118] [exception:handle_uncaught_exception] [ERROR]- Internal Server Error: /api/project_list/1/
Traceback (most recent call last):
  File "E:\Python35\lib\site-packages\django\template\base.py", line 475, in parse
    compile_func = self.tags[command]
KeyError: 'endif'

During handling of the above exception, another exception occurred:

Traceback (most recent call last):
  File "E:\Python35\lib\site-packages\django\core\handlers\exception.py", line 35, in inner
    response = get_response(request)
  File "E:\Python35\lib\site-packages\django\core\handlers\base.py", line 128, in _get_response
    response = self.process_exception_by_middleware(e, request)
  File "E:\Python35\lib\site-packages\django\core\handlers\base.py", line 126, in _get_response
    response = wrapped_callback(request, *callback_args, **callback_kwargs)
  File "D:\HttpRunnerManager\HttpRunnerManager\activator.py", line 15, in process
    result = fun(request, index) if index else fun(request)
  File "D:\HttpRunnerManager\ApiManager\views.py", line 323, in project_list
    return render_to_response('project_list.html', manage_info)
  File "E:\Python35\lib\site-packages\django\shortcuts.py", line 27, in render_to_response
    content = loader.render_to_string(template_name, context, using=using)
  File "E:\Python35\lib\site-packages\django\template\loader.py", line 61, in render_to_string
    template = get_template(template_name, using=using)
  File "E:\Python35\lib\site-packages\django\template\loader.py", line 15, in get_template
    return engine.get_template(template_name)
  File "E:\Python35\lib\site-packages\django\template\backends\django.py", line 34, in get_template
    return Template(self.engine.get_template(template_name), self)
  File "E:\Python35\lib\site-packages\django\template\engine.py", line 144, in get_template
    template, origin = self.find_template(template_name)
  File "E:\Python35\lib\site-packages\django\template\engine.py", line 126, in find_template
    template = loader.get_template(name, skip=skip)
  File "E:\Python35\lib\site-packages\django\template\loaders\base.py", line 30, in get_template
    contents, origin, origin.template_name, self.engine,
  File "E:\Python35\lib\site-packages\django\template\base.py", line 160, in __init__
    self.nodelist = self.compile_nodelist()
  File "E:\Python35\lib\site-packages\django\template\base.py", line 198, in compile_nodelist
    return parser.parse()
  File "E:\Python35\lib\site-packages\django\template\base.py", line 483, in parse
    raise self.error(token, e)
  File "E:\Python35\lib\site-packages\django\template\base.py", line 481, in parse
    compiled_result = compile_func(self, token)
  File "E:\Python35\lib\site-packages\django\template\loader_tags.py", line 290, in do_extends
    nodelist = parser.parse()
  File "E:\Python35\lib\site-packages\django\template\base.py", line 483, in parse
    raise self.error(token, e)
  File "E:\Python35\lib\site-packages\django\template\base.py", line 481, in parse
    compiled_result = compile_func(self, token)
  File "E:\Python35\lib\site-packages\django\template\loader_tags.py", line 233, in do_block
    nodelist = parser.parse(('endblock',))
  File "E:\Python35\lib\site-packages\django\template\base.py", line 477, in parse
    self.invalid_block_tag(token, command, parse_until)
  File "E:\Python35\lib\site-packages\django\template\base.py", line 533, in invalid_block_tag
    get_text_list(["'%s'" % p for p in parse_until], 'or'),
django.template.exceptions.TemplateSyntaxError: Invalid block tag on line 176: 'endif', expected 'endblock'. Did you forget to register or load this tag?
2018-07-02 14:27:47,983 [django.request:118] [exception:handle_uncaught_exception] [ERROR]- Internal Server Error: /api/project_list/1/
Traceback (most recent call last):
  File "E:\Python35\lib\site-packages\django\template\base.py", line 475, in parse
    compile_func = self.tags[command]
KeyError: 'endif'

During handling of the above exception, another exception occurred:

Traceback (most recent call last):
  File "E:\Python35\lib\site-packages\django\core\handlers\exception.py", line 35, in inner
    response = get_response(request)
  File "E:\Python35\lib\site-packages\django\core\handlers\base.py", line 128, in _get_response
    response = self.process_exception_by_middleware(e, request)
  File "E:\Python35\lib\site-packages\django\core\handlers\base.py", line 126, in _get_response
    response = wrapped_callback(request, *callback_args, **callback_kwargs)
  File "D:\HttpRunnerManager\HttpRunnerManager\activator.py", line 15, in process
    result = fun(request, index) if index else fun(request)
  File "D:\HttpRunnerManager\ApiManager\views.py", line 323, in project_list
    return render_to_response('project_list.html', manage_info)
  File "E:\Python35\lib\site-packages\django\shortcuts.py", line 27, in render_to_response
    content = loader.render_to_string(template_name, context, using=using)
  File "E:\Python35\lib\site-packages\django\template\loader.py", line 61, in render_to_string
    template = get_template(template_name, using=using)
  File "E:\Python35\lib\site-packages\django\template\loader.py", line 15, in get_template
    return engine.get_template(template_name)
  File "E:\Python35\lib\site-packages\django\template\backends\django.py", line 34, in get_template
    return Template(self.engine.get_template(template_name), self)
  File "E:\Python35\lib\site-packages\django\template\engine.py", line 144, in get_template
    template, origin = self.find_template(template_name)
  File "E:\Python35\lib\site-packages\django\template\engine.py", line 126, in find_template
    template = loader.get_template(name, skip=skip)
  File "E:\Python35\lib\site-packages\django\template\loaders\base.py", line 30, in get_template
    contents, origin, origin.template_name, self.engine,
  File "E:\Python35\lib\site-packages\django\template\base.py", line 160, in __init__
    self.nodelist = self.compile_nodelist()
  File "E:\Python35\lib\site-packages\django\template\base.py", line 198, in compile_nodelist
    return parser.parse()
  File "E:\Python35\lib\site-packages\django\template\base.py", line 483, in parse
    raise self.error(token, e)
  File "E:\Python35\lib\site-packages\django\template\base.py", line 481, in parse
    compiled_result = compile_func(self, token)
  File "E:\Python35\lib\site-packages\django\template\loader_tags.py", line 290, in do_extends
    nodelist = parser.parse()
  File "E:\Python35\lib\site-packages\django\template\base.py", line 483, in parse
    raise self.error(token, e)
  File "E:\Python35\lib\site-packages\django\template\base.py", line 481, in parse
    compiled_result = compile_func(self, token)
  File "E:\Python35\lib\site-packages\django\template\loader_tags.py", line 233, in do_block
    nodelist = parser.parse(('endblock',))
  File "E:\Python35\lib\site-packages\django\template\base.py", line 477, in parse
    self.invalid_block_tag(token, command, parse_until)
  File "E:\Python35\lib\site-packages\django\template\base.py", line 533, in invalid_block_tag
    get_text_list(["'%s'" % p for p in parse_until], 'or'),
django.template.exceptions.TemplateSyntaxError: Invalid block tag on line 176: 'endif', expected 'endblock'. Did you forget to register or load this tag?
2018-07-02 14:28:16,257 [HttpRunnerManager:78] [views:log_out] [INFO]- yinquanwangÍË³ö
2018-07-02 14:28:18,192 [HttpRunnerManager:45] [views:login] [INFO]- yinquanwang µÇÂ¼³É¹¦
2018-07-02 14:37:16,138 [django.request:118] [exception:handle_uncaught_exception] [ERROR]- Internal Server Error: /api/project_list/1/
Traceback (most recent call last):
  File "E:\Python35\lib\site-packages\django\core\handlers\exception.py", line 35, in inner
    response = get_response(request)
  File "E:\Python35\lib\site-packages\django\core\handlers\base.py", line 128, in _get_response
    response = self.process_exception_by_middleware(e, request)
  File "E:\Python35\lib\site-packages\django\core\handlers\base.py", line 126, in _get_response
    response = wrapped_callback(request, *callback_args, **callback_kwargs)
  File "D:\HttpRunnerManager\HttpRunnerManager\activator.py", line 15, in process
    result = fun(request, index) if index else fun(request)
  File "D:\HttpRunnerManager\ApiManager\views.py", line 311, in project_list
    filter_query = set_filter_session(request)
  File "D:\HttpRunnerManager\ApiManager\utils\common.py", line 442, in set_filter_session
    'belong_project': request.session['project'],
  File "E:\Python35\lib\site-packages\django\contrib\sessions\backends\base.py", line 55, in __getitem__
    return self._session[key]
KeyError: 'project'
2018-07-02 14:37:20,563 [django.request:118] [exception:handle_uncaught_exception] [ERROR]- Internal Server Error: /api/project_list/1/
Traceback (most recent call last):
  File "E:\Python35\lib\site-packages\django\core\handlers\exception.py", line 35, in inner
    response = get_response(request)
  File "E:\Python35\lib\site-packages\django\core\handlers\base.py", line 128, in _get_response
    response = self.process_exception_by_middleware(e, request)
  File "E:\Python35\lib\site-packages\django\core\handlers\base.py", line 126, in _get_response
    response = wrapped_callback(request, *callback_args, **callback_kwargs)
  File "D:\HttpRunnerManager\HttpRunnerManager\activator.py", line 15, in process
    result = fun(request, index) if index else fun(request)
  File "D:\HttpRunnerManager\ApiManager\views.py", line 311, in project_list
    filter_query = set_filter_session(request)
  File "D:\HttpRunnerManager\ApiManager\utils\common.py", line 442, in set_filter_session
    'belong_project': request.session['project'],
  File "E:\Python35\lib\site-packages\django\contrib\sessions\backends\base.py", line 55, in __getitem__
    return self._session[key]
KeyError: 'project'
2018-07-02 14:37:24,899 [HttpRunnerManager:78] [views:log_out] [INFO]- yinquanwangÍË³ö
2018-07-02 14:37:26,773 [HttpRunnerManager:45] [views:login] [INFO]- yinquanwang µÇÂ¼³É¹¦
2018-07-02 14:37:30,837 [django.request:118] [exception:handle_uncaught_exception] [ERROR]- Internal Server Error: /api/add_case/
Traceback (most recent call last):
  File "E:\Python35\lib\site-packages\django\core\handlers\exception.py", line 35, in inner
    response = get_response(request)
  File "E:\Python35\lib\site-packages\django\core\handlers\base.py", line 128, in _get_response
    response = self.process_exception_by_middleware(e, request)
  File "E:\Python35\lib\site-packages\django\core\handlers\base.py", line 126, in _get_response
    response = wrapped_callback(request, *callback_args, **callback_kwargs)
  File "D:\HttpRunnerManager\HttpRunnerManager\activator.py", line 15, in process
    result = fun(request, index) if index else fun(request)
  File "D:\HttpRunnerManager\ApiManager\views.py", line 170, in add_case
    msg = case_info_logic(**testcase_info)
  File "D:\HttpRunnerManager\ApiManager\utils\common.py", line 210, in case_info_logic
    test = kwargs.pop('test')
KeyError: 'test'
2018-07-02 14:37:33,775 [django.request:118] [exception:handle_uncaught_exception] [ERROR]- Internal Server Error: /api/add_case/
Traceback (most recent call last):
  File "E:\Python35\lib\site-packages\django\core\handlers\exception.py", line 35, in inner
    response = get_response(request)
  File "E:\Python35\lib\site-packages\django\core\handlers\base.py", line 128, in _get_response
    response = self.process_exception_by_middleware(e, request)
  File "E:\Python35\lib\site-packages\django\core\handlers\base.py", line 126, in _get_response
    response = wrapped_callback(request, *callback_args, **callback_kwargs)
  File "D:\HttpRunnerManager\HttpRunnerManager\activator.py", line 15, in process
    result = fun(request, index) if index else fun(request)
  File "D:\HttpRunnerManager\ApiManager\views.py", line 170, in add_case
    msg = case_info_logic(**testcase_info)
  File "D:\HttpRunnerManager\ApiManager\utils\common.py", line 210, in case_info_logic
    test = kwargs.pop('test')
KeyError: 'test'
2018-07-02 14:39:25,603 [HttpRunnerManager:78] [views:log_out] [INFO]- yinquanwangÍË³ö
2018-07-02 14:39:27,918 [HttpRunnerManager:45] [views:login] [INFO]- yinquanwang µÇÂ¼³É¹¦
2018-07-02 14:43:42,829 [HttpRunnerManager:78] [views:log_out] [INFO]- yinquanwangÍË³ö
2018-07-02 14:43:44,932 [HttpRunnerManager:45] [views:login] [INFO]- yinquanwang µÇÂ¼³É¹¦
2018-07-02 14:47:52,728 [HttpRunnerManager:78] [views:log_out] [INFO]- yinquanwangÍË³ö
2018-07-02 14:47:54,981 [HttpRunnerManager:45] [views:login] [INFO]- yinquanwang µÇÂ¼³É¹¦
2018-07-02 14:55:50,890 [HttpRunnerManager:78] [views:log_out] [INFO]- yinquanwangÍË³ö
2018-07-02 14:55:53,036 [HttpRunnerManager:45] [views:login] [INFO]- yinquanwang µÇÂ¼³É¹¦
2018-07-02 14:57:17,859 [django.request:118] [exception:handle_uncaught_exception] [ERROR]- Internal Server Error: /api/module_list/1/
Traceback (most recent call last):
  File "E:\Python35\lib\site-packages\django\core\handlers\exception.py", line 35, in inner
    response = get_response(request)
  File "E:\Python35\lib\site-packages\django\core\handlers\base.py", line 128, in _get_response
    response = self.process_exception_by_middleware(e, request)
  File "E:\Python35\lib\site-packages\django\core\handlers\base.py", line 126, in _get_response
    response = wrapped_callback(request, *callback_args, **callback_kwargs)
  File "D:\HttpRunnerManager\HttpRunnerManager\activator.py", line 15, in process
    result = fun(request, index) if index else fun(request)
  File "D:\HttpRunnerManager\ApiManager\views.py", line 345, in module_list
    filter_query = set_filter_session(request)
  File "D:\HttpRunnerManager\ApiManager\utils\common.py", line 433, in set_filter_session
    request.session['module'] = ModuleInfo.objects.get(id=request.POST.get('module')).module_name
  File "E:\Python35\lib\site-packages\django\db\models\manager.py", line 82, in manager_method
    return getattr(self.get_queryset(), name)(*args, **kwargs)
  File "E:\Python35\lib\site-packages\django\db\models\query.py", line 394, in get
    clone = self.filter(*args, **kwargs)
  File "E:\Python35\lib\site-packages\django\db\models\query.py", line 836, in filter
    return self._filter_or_exclude(False, *args, **kwargs)
  File "E:\Python35\lib\site-packages\django\db\models\query.py", line 854, in _filter_or_exclude
    clone.query.add_q(Q(*args, **kwargs))
  File "E:\Python35\lib\site-packages\django\db\models\sql\query.py", line 1253, in add_q
    clause, _ = self._add_q(q_object, self.used_aliases)
  File "E:\Python35\lib\site-packages\django\db\models\sql\query.py", line 1277, in _add_q
    split_subq=split_subq,
  File "E:\Python35\lib\site-packages\django\db\models\sql\query.py", line 1215, in build_filter
    condition = self.build_lookup(lookups, col, value)
  File "E:\Python35\lib\site-packages\django\db\models\sql\query.py", line 1085, in build_lookup
    lookup = lookup_class(lhs, rhs)
  File "E:\Python35\lib\site-packages\django\db\models\lookups.py", line 18, in __init__
    self.rhs = self.get_prep_lookup()
  File "E:\Python35\lib\site-packages\django\db\models\lookups.py", line 68, in get_prep_lookup
    return self.lhs.output_field.get_prep_value(self.rhs)
  File "E:\Python35\lib\site-packages\django\db\models\fields\__init__.py", line 947, in get_prep_value
    return int(value)
ValueError: invalid literal for int() with base 10: 'ÓÃÀı_quant_login_out(µÇÈëµÇ³ö)'
2018-07-02 14:59:50,449 [HttpRunnerManager:78] [views:log_out] [INFO]- yinquanwangÍË³ö
2018-07-02 14:59:52,333 [HttpRunnerManager:45] [views:login] [INFO]- yinquanwang µÇÂ¼³É¹¦
2018-07-16 12:56:35,580 [HttpRunnerManager:45] [views:login] [INFO]- test3 ç™»å½•æˆåŠŸ
2018-07-16 12:59:55,104 [HttpRunnerManager:58] [operation:add_project_data] [INFO]- é¡¹ç›®æ·»åŠ æˆåŠŸï¼š{'project_name': 'test', 'responsible_name': 'mars', 'test_user': 'mars', 'dev_user': 'mars', 'publish_app': 'geektime.org', 'simple_desc': '', 'other_desc': ''}
2018-07-16 13:00:35,727 [HttpRunnerManager:106] [operation:add_module_data] [INFO]- æ¨¡å—æ·»åŠ æˆåŠŸï¼š{'module_name': 'test', 'test_user': 'mars', 'simple_desc': '', 'other_desc': '', 'belong_project': <ProjectInfo: ProjectInfo object (1)>}
2018-07-16 13:08:11,521 [HttpRunnerManager:150] [operation:add_case_data] [INFO]- æŸ¥è¯¢å……å€¼è®°å½•ç”¨ä¾‹æ·»åŠ æˆåŠŸ: {'test': {'request': {'url': 'http://10.2.0.96/balance/record/index?user_id=1042552&is_ios=1', 'method': 'GET', 'headers': {'cache-control': 'no-cache', 'content-type': 'application/json', 'host': 'balance.geekbang.org', 'postman-token': '9c33c1a6-b9da-a0ec-3b96-fb57294dd844'}}, 'name': 'æŸ¥è¯¢å……å€¼è®°å½•'}}
2018-07-16 13:31:21,227 [HttpRunnerManager:58] [operation:add_project_data] [INFO]- é¡¹ç›®æ·»åŠ æˆåŠŸï¼š{'project_name': 'æå®¢æ—¶é—´', 'responsible_name': 'mars', 'test_user': 'mars', 'dev_user': 'mars', 'publish_app': 'time.geekbang.org', 'simple_desc': '', 'other_desc': ''}
2018-07-16 13:31:53,179 [HttpRunnerManager:106] [operation:add_module_data] [INFO]- æ¨¡å—æ·»åŠ æˆåŠŸï¼š{'module_name': 'IOS', 'test_user': 'mars', 'simple_desc': '', 'other_desc': '', 'belong_project': <ProjectInfo: ProjectInfo object (2)>}
2018-07-16 13:32:45,842 [HttpRunnerManager:188] [operation:add_config_data] [INFO]- æˆ‘çš„æ¥å£é…ç½®æ·»åŠ æˆåŠŸ: {'config': {'request': {}, 'name': 'æˆ‘çš„æ¥å£'}}
2018-07-16 13:39:15,268 [HttpRunnerManager:197] [operation:add_config_data] [INFO]- æˆ‘çš„æ¥å£é…ç½®æ›´æ–°æˆåŠŸ: {'config': {'request': {'data': {'base_url': ''}, 'headers': {'User-Agent': '$User_Agent', 'X-GEEK-APP-NAME': 'time', 'X-GEEK-DEVICE-MODEL': 'iPhone7,1', 'X-GEEK-OS-VER': '12.0', 'X-GEEK-VER-NAME': '1.1.7', 'Device-Id': '$Device_Id', 'Device-Token': '$Device_Token', 'Content-Type': 'application/json', 'X-GEEK-OS-PLATFOR': 'iOS', 'Referer': 'https://account.geekbang.org/'}}, 'name': 'æˆ‘çš„æ¥å£', 'variables': [{'Device_Id': '${device_id()}'}, {'User_Agent': 'iPhone7,1(iOS/12.0) GeekbangApp(Zeus/1.1.7) Weex/0.16.1 ExternalUA 1242x2208'}, {'Device_Token': '${get_device_token($User_Agent,$Device_Id)}'}, {'country': '86'}, {'cellphone': '13520690691'}, {'password': 'a123456'}]}}
2018-07-16 13:43:27,481 [HttpRunnerManager:150] [operation:add_case_data] [INFO]- /account/ticket/login ç™»å½•æˆåŠŸç”¨ä¾‹æ·»åŠ æˆåŠŸ: {'test': {'request': {'url': 'https://account.geekbang.org/account/ticket/login', 'method': 'POST', 'json': {'country': '$country', 'cellphone': '$cellphone', 'password': '$password', 'platform': 1, 'appid': 1, 'captcha': ''}, 'headers': {'Ticket': ''}}, 'name': '/account/ticket/login ç™»å½•æˆåŠŸ', 'validate': [{'comparator': 'equals', 'check': 'status_code', 'expected': '200'}, {'comparator': 'equals', 'check': 'content.code', 'expected': '0'}], 'extract': [{'ticket': 'content.data.ticket'}]}}
2018-07-16 13:43:33,536 [django.request:118] [exception:handle_uncaught_exception] [ERROR]- Internal Server Error: /api/run_test/
Traceback (most recent call last):
  File "/Library/Frameworks/Python.framework/Versions/3.7/lib/python3.7/site-packages/django/core/handlers/exception.py", line 35, in inner
    response = get_response(request)
  File "/Library/Frameworks/Python.framework/Versions/3.7/lib/python3.7/site-packages/django/core/handlers/base.py", line 128, in _get_response
    response = self.process_exception_by_middleware(e, request)
  File "/Library/Frameworks/Python.framework/Versions/3.7/lib/python3.7/site-packages/django/core/handlers/base.py", line 126, in _get_response
    response = wrapped_callback(request, *callback_args, **callback_kwargs)
  File "/Users/liuchao/PycharmProjects/HttpRunnerManager/HttpRunnerManager/activator.py", line 15, in process
    result = fun(request, index) if index else fun(request)
  File "/Users/liuchao/PycharmProjects/HttpRunnerManager/ApiManager/views.py", line 239, in run_test
    run_test_by_type(id, base_url, testcase_dir_path, type)
  File "/Users/liuchao/PycharmProjects/HttpRunnerManager/ApiManager/utils/runner.py", line 165, in run_test_by_type
    run_by_single(id, base_url, path)
  File "/Users/liuchao/PycharmProjects/HttpRunnerManager/ApiManager/utils/runner.py", line 75, in run_by_single
    dump_yaml_file(os.path.join(testcase_dir_path, name + '.yml'), testcase_list)
  File "/Users/liuchao/PycharmProjects/HttpRunnerManager/ApiManager/utils/testcase.py", line 20, in dump_yaml_file
    with io.open(yaml_file, 'w', encoding='utf-8') as stream:
FileNotFoundError: [Errno 2] No such file or directory: '/account/ticket/login ç™»å½•æˆåŠŸ.yml'
2018-07-16 13:44:15,487 [django.request:118] [exception:handle_uncaught_exception] [ERROR]- Internal Server Error: /api/run_test/
Traceback (most recent call last):
  File "/Library/Frameworks/Python.framework/Versions/3.7/lib/python3.7/site-packages/django/core/handlers/exception.py", line 35, in inner
    response = get_response(request)
  File "/Library/Frameworks/Python.framework/Versions/3.7/lib/python3.7/site-packages/django/core/handlers/base.py", line 128, in _get_response
    response = self.process_exception_by_middleware(e, request)
  File "/Library/Frameworks/Python.framework/Versions/3.7/lib/python3.7/site-packages/django/core/handlers/base.py", line 126, in _get_response
    response = wrapped_callback(request, *callback_args, **callback_kwargs)
  File "/Users/liuchao/PycharmProjects/HttpRunnerManager/HttpRunnerManager/activator.py", line 15, in process
    result = fun(request, index) if index else fun(request)
  File "/Users/liuchao/PycharmProjects/HttpRunnerManager/ApiManager/views.py", line 239, in run_test
    run_test_by_type(id, base_url, testcase_dir_path, type)
  File "/Users/liuchao/PycharmProjects/HttpRunnerManager/ApiManager/utils/runner.py", line 165, in run_test_by_type
    run_by_single(id, base_url, path)
  File "/Users/liuchao/PycharmProjects/HttpRunnerManager/ApiManager/utils/runner.py", line 75, in run_by_single
    dump_yaml_file(os.path.join(testcase_dir_path, name + '.yml'), testcase_list)
  File "/Users/liuchao/PycharmProjects/HttpRunnerManager/ApiManager/utils/testcase.py", line 20, in dump_yaml_file
    with io.open(yaml_file, 'w', encoding='utf-8') as stream:
FileNotFoundError: [Errno 2] No such file or directory: '/account/ticket/login ç™»å½•æˆåŠŸ.yml'
2018-07-16 13:44:48,547 [django.request:118] [exception:handle_uncaught_exception] [ERROR]- Internal Server Error: /api/run_test/
Traceback (most recent call last):
  File "/Library/Frameworks/Python.framework/Versions/3.7/lib/python3.7/site-packages/django/core/handlers/exception.py", line 35, in inner
    response = get_response(request)
  File "/Library/Frameworks/Python.framework/Versions/3.7/lib/python3.7/site-packages/django/core/handlers/base.py", line 128, in _get_response
    response = self.process_exception_by_middleware(e, request)
  File "/Library/Frameworks/Python.framework/Versions/3.7/lib/python3.7/site-packages/django/core/handlers/base.py", line 126, in _get_response
    response = wrapped_callback(request, *callback_args, **callback_kwargs)
  File "/Users/liuchao/PycharmProjects/HttpRunnerManager/HttpRunnerManager/activator.py", line 15, in process
    result = fun(request, index) if index else fun(request)
  File "/Users/liuchao/PycharmProjects/HttpRunnerManager/ApiManager/views.py", line 239, in run_test
    run_test_by_type(id, base_url, testcase_dir_path, type)
  File "/Users/liuchao/PycharmProjects/HttpRunnerManager/ApiManager/utils/runner.py", line 165, in run_test_by_type
    run_by_single(id, base_url, path)
  File "/Users/liuchao/PycharmProjects/HttpRunnerManager/ApiManager/utils/runner.py", line 75, in run_by_single
    dump_yaml_file(os.path.join(testcase_dir_path, name + '.yml'), testcase_list)
  File "/Users/liuchao/PycharmProjects/HttpRunnerManager/ApiManager/utils/testcase.py", line 20, in dump_yaml_file
    with io.open(yaml_file, 'w', encoding='utf-8') as stream:
FileNotFoundError: [Errno 2] No such file or directory: '/account/ticket/login ç™»å½•æˆåŠŸ.yml'
2018-07-16 13:49:12,160 [HttpRunnerManager:197] [operation:add_config_data] [INFO]- æˆ‘çš„æ¥å£é…ç½®æ›´æ–°æˆåŠŸ: {'config': {'request': {'data': {'base_url': '""'}, 'headers': {'User-Agent': '$User_Agent', 'X-GEEK-APP-NAME': 'time', 'X-GEEK-DEVICE-MODEL': 'iPhone7,1', 'X-GEEK-OS-VER': '12.0', 'X-GEEK-VER-NAME': '1.1.7', 'Device-Id': '$Device_Id', 'Device-Token': '$Device_Token', 'Content-Type': 'application/json', 'X-GEEK-OS-PLATFOR': 'iOS', 'Referer': 'https://account.geekbang.org/'}}, 'name': 'æˆ‘çš„æ¥å£', 'variables': [{'Device_Id': '${device_id()}'}, {'User_Agent': 'iPhone7,1(iOS/12.0) GeekbangApp(Zeus/1.1.7) Weex/0.16.1 ExternalUA 1242x2208'}, {'Device_Token': '${get_device_token($User_Agent,$Device_Id)}'}, {'country': '86'}, {'cellphone': '13520690691'}, {'password': 'a123456'}]}}
2018-07-16 13:49:46,447 [HttpRunnerManager:159] [operation:add_case_data] [INFO]- /account/ticket/login ç™»å½•æˆåŠŸç”¨ä¾‹æ›´æ–°æˆåŠŸ: {'test': {'request': {'url': 'https://account.geekbang.org/account/ticket/login', 'method': 'POST', 'json': {'country': '$country', 'cellphone': '$cellphone', 'password': '$password', 'platform': 1, 'appid': 1, 'captcha': ''}, 'headers': {'Ticket': '""'}}, 'name': '/account/ticket/login ç™»å½•æˆåŠŸ', 'validate': [{'comparator': 'equals', 'check': 'status_code', 'expected': '200'}, {'comparator': 'equals', 'check': 'content.code', 'expected': '0'}], 'extract': [{'ticket': 'content.data.ticket'}]}}
2018-07-16 13:49:49,492 [django.request:118] [exception:handle_uncaught_exception] [ERROR]- Internal Server Error: /api/run_test/
Traceback (most recent call last):
  File "/Library/Frameworks/Python.framework/Versions/3.7/lib/python3.7/site-packages/django/core/handlers/exception.py", line 35, in inner
    response = get_response(request)
  File "/Library/Frameworks/Python.framework/Versions/3.7/lib/python3.7/site-packages/django/core/handlers/base.py", line 128, in _get_response
    response = self.process_exception_by_middleware(e, request)
  File "/Library/Frameworks/Python.framework/Versions/3.7/lib/python3.7/site-packages/django/core/handlers/base.py", line 126, in _get_response
    response = wrapped_callback(request, *callback_args, **callback_kwargs)
  File "/Users/liuchao/PycharmProjects/HttpRunnerManager/HttpRunnerManager/activator.py", line 15, in process
    result = fun(request, index) if index else fun(request)
  File "/Users/liuchao/PycharmProjects/HttpRunnerManager/ApiManager/views.py", line 239, in run_test
    run_test_by_type(id, base_url, testcase_dir_path, type)
  File "/Users/liuchao/PycharmProjects/HttpRunnerManager/ApiManager/utils/runner.py", line 165, in run_test_by_type
    run_by_single(id, base_url, path)
  File "/Users/liuchao/PycharmProjects/HttpRunnerManager/ApiManager/utils/runner.py", line 75, in run_by_single
    dump_yaml_file(os.path.join(testcase_dir_path, name + '.yml'), testcase_list)
  File "/Users/liuchao/PycharmProjects/HttpRunnerManager/ApiManager/utils/testcase.py", line 20, in dump_yaml_file
    with io.open(yaml_file, 'w', encoding='utf-8') as stream:
FileNotFoundError: [Errno 2] No such file or directory: '/account/ticket/login ç™»å½•æˆåŠŸ.yml'
2018-07-16 16:52:37,598 [HttpRunnerManager:50] [views:login] [INFO]- mars ç™»å½•å¤±è´¥, è¯·æ£€æŸ¥ç”¨æˆ·åæˆ–è€…å¯†ç 
2018-07-16 16:52:48,466 [HttpRunnerManager:45] [views:login] [INFO]- test3 ç™»å½•æˆåŠŸ
2018-07-16 17:52:08,228 [django.request:118] [exception:handle_uncaught_exception] [ERROR]- Internal Server Error: /api/run_test/
Traceback (most recent call last):
  File "/Library/Frameworks/Python.framework/Versions/3.7/lib/python3.7/site-packages/django/core/handlers/exception.py", line 35, in inner
    response = get_response(request)
  File "/Library/Frameworks/Python.framework/Versions/3.7/lib/python3.7/site-packages/django/core/handlers/base.py", line 128, in _get_response
    response = self.process_exception_by_middleware(e, request)
  File "/Library/Frameworks/Python.framework/Versions/3.7/lib/python3.7/site-packages/django/core/handlers/base.py", line 126, in _get_response
    response = wrapped_callback(request, *callback_args, **callback_kwargs)
  File "/Users/liuchao/PycharmProjects/HttpRunnerManager/HttpRunnerManager/activator.py", line 15, in process
    result = fun(request, index) if index else fun(request)
  File "/Users/liuchao/PycharmProjects/HttpRunnerManager/ApiManager/views.py", line 239, in run_test
    run_test_by_type(id, base_url, testcase_dir_path, type)
  File "/Users/liuchao/PycharmProjects/HttpRunnerManager/ApiManager/utils/runner.py", line 165, in run_test_by_type
    run_by_single(id, base_url, path)
  File "/Users/liuchao/PycharmProjects/HttpRunnerManager/ApiManager/utils/runner.py", line 75, in run_by_single
    dump_yaml_file(os.path.join(testcase_dir_path, name + '.yml'), testcase_list)
  File "/Users/liuchao/PycharmProjects/HttpRunnerManager/ApiManager/utils/testcase.py", line 20, in dump_yaml_file
    with io.open(yaml_file, 'w', encoding='utf-8') as stream:
FileNotFoundError: [Errno 2] No such file or directory: '/account/ticket/login ç™»å½•æˆåŠŸ.yml'
2018-07-16 18:00:40,568 [HttpRunnerManager:150] [operation:add_case_data] [INFO]- æµ‹è¯•ç¯å¢ƒå……å€¼ç”¨ä¾‹æ·»åŠ æˆåŠŸ: {'test': {'request': {'url': ' http://10.2.0.96/balance/amount/update', 'method': 'POST', 'json': {'user_id': '1000190', 'sn': '1000190001', 'channel': 'iap', 'is_ios': 1, 'amount': 1000, 'remark': 'æµ‹è¯•:IOSåº”ç”¨å†…å……å€¼10å…ƒ'}, 'headers': {'cache-control': 'no-cache', 'content-type': 'application/json', 'host': ' balance.geekbang.org', 'postman-token': '9c33c1a6-b9da-a0ec-3b96-fb57294dd844'}}, 'name': 'æµ‹è¯•ç¯å¢ƒå……å€¼'}}
2018-07-16 18:01:04,122 [HttpRunnerManager:159] [operation:add_case_data] [INFO]- æµ‹è¯•ç¯å¢ƒå……å€¼ç”¨ä¾‹æ›´æ–°æˆåŠŸ: {'test': {'request': {'url': ' http://10.2.0.96/balance/amount/update', 'method': 'POST', 'json': {'user_id': '1000190', 'sn': '1000190025', 'channel': 'iap', 'is_ios': 1, 'amount': 1000, 'remark': 'æµ‹è¯•:IOSåº”ç”¨å†…å……å€¼10å…ƒ'}, 'headers': {'cache-control': 'no-cache', 'content-type': 'application/json', 'host': ' balance.geekbang.org', 'postman-token': '9c33c1a6-b9da-a0ec-3b96-fb57294dd844'}}, 'name': 'æµ‹è¯•ç¯å¢ƒå……å€¼'}}
2018-07-16 18:29:32,966 [HttpRunnerManager:159] [operation:add_case_data] [INFO]- æµ‹è¯•ç¯å¢ƒå……å€¼ç”¨ä¾‹æ›´æ–°æˆåŠŸ: {'test': {'request': {'url': ' http://10.2.0.96/balance/amount/update', 'method': 'POST', 'json': {'user_id': '1000190', 'sn': '1000190122', 'channel': 'iap', 'is_ios': 1, 'amount': 1000, 'remark': 'æµ‹è¯•:IOSåº”ç”¨å†…å……å€¼10å…ƒ'}, 'headers': {'cache-control': 'no-cache', 'content-type': 'application/json', 'host': ' balance.geekbang.org', 'postman-token': '9c33c1a6-b9da-a0ec-3b96-fb57294dd844'}}, 'name': 'æµ‹è¯•ç¯å¢ƒå……å€¼'}}
2018-07-16 18:30:13,949 [HttpRunnerManager:159] [operation:add_case_data] [INFO]- æµ‹è¯•ç¯å¢ƒå……å€¼ç”¨ä¾‹æ›´æ–°æˆåŠŸ: {'test': {'request': {'url': ' http://10.2.0.96/balance/amount/update', 'method': 'POST', 'json': {'user_id': '1000190', 'sn': '1000190122', 'channel': 'iap', 'is_ios': 1, 'amount': 1000, 'remark': 'æµ‹è¯•:IOSåº”ç”¨å†…å……å€¼10å…ƒ'}, 'headers': {'cache-control': 'no-cache', 'content-type': 'application/json', 'host': ' balance.geekbang.org', 'postman-token': '9c33c1a6-b9da-a0ec-3b96-fb57294dd844'}}, 'name': 'æµ‹è¯•ç¯å¢ƒå……å€¼', 'variables': [{'Ticket': '""'}]}}
2018-07-16 18:31:25,658 [HttpRunnerManager:159] [operation:add_case_data] [INFO]- æµ‹è¯•ç¯å¢ƒå……å€¼ç”¨ä¾‹æ›´æ–°æˆåŠŸ: {'test': {'request': {'url': ' http://10.2.0.96/balance/amount/update', 'method': 'POST', 'json': {'user_id': '1000190', 'sn': '1000190122', 'channel': 'iap', 'is_ios': 1, 'amount': 1000, 'remark': 'æµ‹è¯•:IOSåº”ç”¨å†…å……å€¼10å…ƒ'}, 'headers': {'cache-control': 'no-cache', 'content-type': 'application/json', 'host': ' balance.geekbang.org', 'postman-token': '9c33c1a6-b9da-a0ec-3b96-fb57294dd844'}}, 'name': 'æµ‹è¯•ç¯å¢ƒå……å€¼', 'validate': [{'comparator': 'equals', 'check': 'Code', 'expected': '0'}], 'extract': [{}]}}
2018-07-16 18:50:09,165 [HttpRunnerManager:78] [views:log_out] [INFO]- test3é€€å‡º
2018-07-16 18:51:16,963 [HttpRunnerManager:45] [views:login] [INFO]- test3 ç™»å½•æˆåŠŸ
2018-07-17 10:12:48,112 [HttpRunnerManager:45] [views:login] [INFO]- test3 ç™»å½•æˆåŠŸ
2018-07-17 10:41:34,972 [HttpRunnerManager:106] [operation:add_module_data] [INFO]- æ¨¡å—æ·»åŠ æˆåŠŸï¼š{'module_name': 'Android', 'test_user': 'mars', 'simple_desc': '', 'other_desc': '', 'belong_project': <ProjectInfo: ProjectInfo object (2)>}
2018-07-17 10:41:55,194 [HttpRunnerManager:106] [operation:add_module_data] [INFO]- æ¨¡å—æ·»åŠ æˆåŠŸï¼š{'module_name': 'æ¯æ—¥ä¸€è¯¾', 'test_user': 'mars', 'simple_desc': '', 'other_desc': '', 'belong_project': <ProjectInfo: ProjectInfo object (2)>}
2018-07-18 08:46:23,682 [django.request:118] [exception:handle_uncaught_exception] [ERROR]- Internal Server Error: /api/test_list/1/
Traceback (most recent call last):
  File "/usr/local/lib/python3.7/site-packages/django/core/handlers/exception.py", line 35, in inner
    response = get_response(request)
  File "/usr/local/lib/python3.7/site-packages/django/core/handlers/base.py", line 128, in _get_response
    response = self.process_exception_by_middleware(e, request)
  File "/usr/local/lib/python3.7/site-packages/django/core/handlers/base.py", line 126, in _get_response
    response = wrapped_callback(request, *callback_args, **callback_kwargs)
  File "/Users/liuchao/PycharmProjects/HttpRunnerManager/HttpRunnerManager/activator.py", line 10, in process
    app = __import__("%s.views" % app)
  File "/Users/liuchao/PycharmProjects/HttpRunnerManager/ApiManager/views.py", line 8, in <module>
    import paramiko
ModuleNotFoundError: No module named 'paramiko'
2018-07-18 08:46:26,614 [django.request:118] [exception:handle_uncaught_exception] [ERROR]- Internal Server Error: /api/test_list/1/
Traceback (most recent call last):
  File "/usr/local/lib/python3.7/site-packages/django/core/handlers/exception.py", line 35, in inner
    response = get_response(request)
  File "/usr/local/lib/python3.7/site-packages/django/core/handlers/base.py", line 128, in _get_response
    response = self.process_exception_by_middleware(e, request)
  File "/usr/local/lib/python3.7/site-packages/django/core/handlers/base.py", line 126, in _get_response
    response = wrapped_callback(request, *callback_args, **callback_kwargs)
  File "/Users/liuchao/PycharmProjects/HttpRunnerManager/HttpRunnerManager/activator.py", line 10, in process
    app = __import__("%s.views" % app)
  File "/Users/liuchao/PycharmProjects/HttpRunnerManager/ApiManager/views.py", line 8, in <module>
    import paramiko
ModuleNotFoundError: No module named 'paramiko'
2018-07-18 08:46:33,342 [django.request:93] [base:get_response] [WARNING]- Not Found: /
2018-07-18 08:46:36,095 [django.request:93] [base:get_response] [WARNING]- Not Found: /
2018-07-18 08:46:38,661 [django.request:93] [base:get_response] [WARNING]- Not Found: /
2018-07-18 08:49:12,211 [django.request:93] [base:get_response] [WARNING]- Not Found: /
2018-07-18 08:49:14,322 [django.request:93] [base:get_response] [WARNING]- Not Found: /
2018-07-18 08:49:16,073 [django.request:93] [base:get_response] [WARNING]- Not Found: /
2018-07-18 08:50:25,854 [django.request:93] [base:get_response] [WARNING]- Not Found: /
2018-07-18 08:50:42,591 [django.request:118] [exception:handle_uncaught_exception] [ERROR]- Internal Server Error: /api/register/
Traceback (most recent call last):
  File "/usr/local/lib/python3.7/site-packages/django/core/handlers/exception.py", line 35, in inner
    response = get_response(request)
  File "/usr/local/lib/python3.7/site-packages/django/core/handlers/base.py", line 128, in _get_response
    response = self.process_exception_by_middleware(e, request)
  File "/usr/local/lib/python3.7/site-packages/django/core/handlers/base.py", line 126, in _get_response
    response = wrapped_callback(request, *callback_args, **callback_kwargs)
  File "/Users/liuchao/PycharmProjects/HttpRunnerManager/HttpRunnerManager/activator.py", line 10, in process
    app = __import__("%s.views" % app)
  File "/Users/liuchao/PycharmProjects/HttpRunnerManager/ApiManager/views.py", line 8, in <module>
    import paramiko
ModuleNotFoundError: No module named 'paramiko'
2018-07-18 08:51:27,758 [django.request:118] [exception:handle_uncaught_exception] [ERROR]- Internal Server Error: /api/register/
Traceback (most recent call last):
  File "/usr/local/lib/python3.7/site-packages/django/core/handlers/exception.py", line 35, in inner
    response = get_response(request)
  File "/usr/local/lib/python3.7/site-packages/django/core/handlers/base.py", line 128, in _get_response
    response = self.process_exception_by_middleware(e, request)
  File "/usr/local/lib/python3.7/site-packages/django/core/handlers/base.py", line 126, in _get_response
    response = wrapped_callback(request, *callback_args, **callback_kwargs)
  File "/Users/liuchao/PycharmProjects/HttpRunnerManager/HttpRunnerManager/activator.py", line 10, in process
    app = __import__("%s.views" % app)
  File "/Users/liuchao/PycharmProjects/HttpRunnerManager/ApiManager/views.py", line 8, in <module>
    import paramiko
ModuleNotFoundError: No module named 'paramiko'
2018-07-18 08:54:32,775 [django.request:93] [base:get_response] [WARNING]- Not Found: /api/register/ 
2018-07-18 08:55:50,139 [django.request:118] [exception:handle_uncaught_exception] [ERROR]- Internal Server Error: /api/register/
Traceback (most recent call last):
  File "/usr/local/lib/python3.7/site-packages/django/core/handlers/exception.py", line 35, in inner
    response = get_response(request)
  File "/usr/local/lib/python3.7/site-packages/django/core/handlers/base.py", line 128, in _get_response
    response = self.process_exception_by_middleware(e, request)
  File "/usr/local/lib/python3.7/site-packages/django/core/handlers/base.py", line 126, in _get_response
    response = wrapped_callback(request, *callback_args, **callback_kwargs)
  File "/Users/liuchao/PycharmProjects/HttpRunnerManager/HttpRunnerManager/activator.py", line 10, in process
    app = __import__("%s.views" % app)
  File "/Users/liuchao/PycharmProjects/HttpRunnerManager/ApiManager/views.py", line 8, in <module>
    import paramiko
ModuleNotFoundError: No module named 'paramiko'
2018-07-18 08:58:37,109 [django.request:118] [exception:handle_uncaught_exception] [ERROR]- Internal Server Error: /api/register/
Traceback (most recent call last):
  File "/usr/local/lib/python3.7/site-packages/django/core/handlers/exception.py", line 35, in inner
    response = get_response(request)
  File "/usr/local/lib/python3.7/site-packages/django/core/handlers/base.py", line 128, in _get_response
    response = self.process_exception_by_middleware(e, request)
  File "/usr/local/lib/python3.7/site-packages/django/core/handlers/base.py", line 126, in _get_response
    response = wrapped_callback(request, *callback_args, **callback_kwargs)
  File "/Users/liuchao/PycharmProjects/HttpRunnerManager/HttpRunnerManager/activator.py", line 10, in process
    app = __import__("%s.views" % app)
  File "/Users/liuchao/PycharmProjects/HttpRunnerManager/ApiManager/views.py", line 8, in <module>
    import paramiko
ModuleNotFoundError: No module named 'paramiko'
2018-07-18 08:59:06,598 [django.request:118] [exception:handle_uncaught_exception] [ERROR]- Internal Server Error: /api/register/
Traceback (most recent call last):
  File "/usr/local/lib/python3.7/site-packages/django/core/handlers/exception.py", line 35, in inner
    response = get_response(request)
  File "/usr/local/lib/python3.7/site-packages/django/core/handlers/base.py", line 128, in _get_response
    response = self.process_exception_by_middleware(e, request)
  File "/usr/local/lib/python3.7/site-packages/django/core/handlers/base.py", line 126, in _get_response
    response = wrapped_callback(request, *callback_args, **callback_kwargs)
  File "/Users/liuchao/PycharmProjects/HttpRunnerManager/HttpRunnerManager/activator.py", line 10, in process
    app = __import__("%s.views" % app)
  File "/Users/liuchao/PycharmProjects/HttpRunnerManager/ApiManager/views.py", line 12, in <module>
    from dwebsocket import accept_websocket
ModuleNotFoundError: No module named 'dwebsocket'
2018-07-18 08:59:36,374 [HttpRunnerManager:45] [views:login] [INFO]- test3 ç™»å½•æˆåŠŸ
2018-07-18 15:35:24,422 [HttpRunnerManager:45] [views:login] [INFO]- test3 ç™»å½•æˆåŠŸ
2018-07-18 15:54:26,833 [HttpRunnerManager:188] [operation:add_config_data] [INFO]- æ¯æ—¥ä¸€è¯¾å…¬å…±headeré…ç½®æ·»åŠ æˆåŠŸ: {'config': {'request': {}, 'name': 'æ¯æ—¥ä¸€è¯¾å…¬å…±header'}}
2018-07-18 16:06:42,000 [HttpRunnerManager:197] [operation:add_config_data] [INFO]- æ¯æ—¥ä¸€è¯¾å…¬å…±headeré…ç½®æ›´æ–°æˆåŠŸ: {'config': {'request': {'headers': {'User-Agent': '$User_Agent', 'X-GEEK-APP-NAME': 'time', 'X-GEEK-DEVICE-MODEL': 'iPhone7,1', 'X-GEEK-OS-VE': '12.0', 'X-GEEK-VER-NAME': '1.1.7', 'Device-Id': '$Device_Id', 'Device-Token': '$Device_Token', 'Content-Type': 'application/json', 'X-GEEK-OS-PLATFORM': 'iOS', 'X-GEEK-OS-NAME': 'iOS', 'Referer': 'https://account.geekbang.org/'}}, 'name': 'æ¯æ—¥ä¸€è¯¾å…¬å…±header', 'variables': [{'Device_Id': 'a8b0a886-85b2-11e8-ab33-8c8590ce3347'}, {'User_Agent': 'iPhone7,1(iOS/12.0) GeekbangApp(Zeus/1.1.7) Weex/0.16.1 ExternalUA 1242x2208'}, {'Device_Token': '157bf656bc08c016db58b30268800d45dc1d9957'}, {'country': '86'}, {'cellphone': '13520690691'}, {'password': 'a123456'}, {'cookie': '_ga=GA1.2.1627142084.1531207994; _gat=1; _gid=GA1.2.1272984191.1531207994; GCID=a8b0a886-85b2-11e8-ab33-8c8590ce3347; GCESS=BAcEe56KDQwBAQYEJGH0tQUEgMYTAAsCBAAJAQEIAQEBBHjoDwADBL0ZR1sCBL0ZR1sEBCAcAAAKBAAAAAA-'}]}}
2018-07-18 16:10:31,912 [HttpRunnerManager:150] [operation:add_case_data] [INFO]- /account/ticket/login ç™»å½•æˆåŠŸç”¨ä¾‹æ·»åŠ æˆåŠŸ: {'test': {'request': {'url': 'https://account.geekbang.org/account/ticket/login', 'method': 'POST', 'json': {'country': '$country', 'cellphone': '$cellphone', 'password': '$password', 'platform': 1, 'appid': 1, 'captcha': ''}, 'headers': {'Ticket': ''}}, 'name': '/account/ticket/login ç™»å½•æˆåŠŸ', 'validate': [{'comparator': 'equals', 'check': 'status_code', 'expected': '200'}, {'comparator': 'equals', 'check': 'content.code', 'expected': '0'}], 'extract': [{'ticket': 'content.data.ticket'}]}}
2018-07-18 16:10:49,355 [django.request:118] [exception:handle_uncaught_exception] [ERROR]- Internal Server Error: /api/run_test/
Traceback (most recent call last):
  File "/usr/local/lib/python3.7/site-packages/django/core/handlers/exception.py", line 35, in inner
    response = get_response(request)
  File "/usr/local/lib/python3.7/site-packages/django/core/handlers/base.py", line 128, in _get_response
    response = self.process_exception_by_middleware(e, request)
  File "/usr/local/lib/python3.7/site-packages/django/core/handlers/base.py", line 126, in _get_response
    response = wrapped_callback(request, *callback_args, **callback_kwargs)
  File "/Users/liuchao/PycharmProjects/HttpRunnerManager/HttpRunnerManager/activator.py", line 15, in process
    result = fun(request, index) if index else fun(request)
  File "/Users/liuchao/PycharmProjects/HttpRunnerManager/ApiManager/views.py", line 239, in run_test
    run_test_by_type(id, base_url, testcase_dir_path, type)
  File "/Users/liuchao/PycharmProjects/HttpRunnerManager/ApiManager/utils/runner.py", line 165, in run_test_by_type
    run_by_single(id, base_url, path)
  File "/Users/liuchao/PycharmProjects/HttpRunnerManager/ApiManager/utils/runner.py", line 75, in run_by_single
    dump_yaml_file(os.path.join(testcase_dir_path, name + '.yml'), testcase_list)
  File "/Users/liuchao/PycharmProjects/HttpRunnerManager/ApiManager/utils/testcase.py", line 20, in dump_yaml_file
    with io.open(yaml_file, 'w', encoding='utf-8') as stream:
FileNotFoundError: [Errno 2] No such file or directory: '/account/ticket/login ç™»å½•æˆåŠŸ.yml'
2018-07-18 16:17:43,107 [HttpRunnerManager:159] [operation:add_case_data] [INFO]- /account/ticket/login ç™»å½•æˆåŠŸç”¨ä¾‹æ›´æ–°æˆåŠŸ: {'test': {'request': {'url': 'https://account.geekbang.org/account/ticket/login', 'method': 'POST', 'json': {'country': '$country', 'cellphone': '$cellphone', 'password': '$password', 'platform': 1, 'appid': 1, 'captcha': ''}, 'headers': {'Ticket': ''}}, 'name': '/account/ticket/login ç™»å½•æˆåŠŸ', 'validate': [{'comparator': 'equals', 'check': 'status_code', 'expected': '200'}, {'comparator': 'equals', 'check': 'content.code', 'expected': '0'}], 'extract': [{'ticket': 'content.data.ticket'}]}}
2018-07-18 16:17:46,860 [django.request:118] [exception:handle_uncaught_exception] [ERROR]- Internal Server Error: /api/run_test/
Traceback (most recent call last):
  File "/usr/local/lib/python3.7/site-packages/django/core/handlers/exception.py", line 35, in inner
    response = get_response(request)
  File "/usr/local/lib/python3.7/site-packages/django/core/handlers/base.py", line 128, in _get_response
    response = self.process_exception_by_middleware(e, request)
  File "/usr/local/lib/python3.7/site-packages/django/core/handlers/base.py", line 126, in _get_response
    response = wrapped_callback(request, *callback_args, **callback_kwargs)
  File "/Users/liuchao/PycharmProjects/HttpRunnerManager/HttpRunnerManager/activator.py", line 15, in process
    result = fun(request, index) if index else fun(request)
  File "/Users/liuchao/PycharmProjects/HttpRunnerManager/ApiManager/views.py", line 239, in run_test
    run_test_by_type(id, base_url, testcase_dir_path, type)
  File "/Users/liuchao/PycharmProjects/HttpRunnerManager/ApiManager/utils/runner.py", line 165, in run_test_by_type
    run_by_single(id, base_url, path)
  File "/Users/liuchao/PycharmProjects/HttpRunnerManager/ApiManager/utils/runner.py", line 75, in run_by_single
    dump_yaml_file(os.path.join(testcase_dir_path, name + '.yml'), testcase_list)
  File "/Users/liuchao/PycharmProjects/HttpRunnerManager/ApiManager/utils/testcase.py", line 20, in dump_yaml_file
    with io.open(yaml_file, 'w', encoding='utf-8') as stream:
FileNotFoundError: [Errno 2] No such file or directory: '/account/ticket/login ç™»å½•æˆåŠŸ.yml'
2018-07-18 16:20:12,996 [HttpRunnerManager:159] [operation:add_case_data] [INFO]- /account/ticket/login ç™»å½•æˆåŠŸç”¨ä¾‹æ›´æ–°æˆåŠŸ: {'test': {'request': {'url': 'https://account.geekbang.org/account/ticket/login', 'method': 'POST', 'json': {'country': '$country', 'cellphone': '$cellphone', 'password': '$password', 'platform': 1, 'appid': 1, 'captcha': ''}, 'headers': {'Ticket': ''}}, 'name': '/account/ticket/login ç™»å½•æˆåŠŸ', 'validate': [{'comparator': 'equals', 'check': 'status_code', 'expected': '200'}, {'comparator': 'equals', 'check': 'content.code', 'expected': '0'}], 'extract': [{'ticket': 'content.data.ticket'}]}}
2018-07-19 09:35:57,936 [HttpRunnerManager:45] [views:login] [INFO]- test3 ç™»å½•æˆåŠŸ
2018-07-19 09:36:15,250 [django.request:118] [exception:handle_uncaught_exception] [ERROR]- Internal Server Error: /api/run_test/
Traceback (most recent call last):
  File "/usr/local/lib/python3.7/site-packages/django/core/handlers/exception.py", line 35, in inner
    response = get_response(request)
  File "/usr/local/lib/python3.7/site-packages/django/core/handlers/base.py", line 128, in _get_response
    response = self.process_exception_by_middleware(e, request)
  File "/usr/local/lib/python3.7/site-packages/django/core/handlers/base.py", line 126, in _get_response
    response = wrapped_callback(request, *callback_args, **callback_kwargs)
  File "/Users/liuchao/PycharmProjects/HttpRunnerManager/HttpRunnerManager/activator.py", line 15, in process
    result = fun(request, index) if index else fun(request)
  File "/Users/liuchao/PycharmProjects/HttpRunnerManager/ApiManager/views.py", line 239, in run_test
    run_test_by_type(id, base_url, testcase_dir_path, type)
  File "/Users/liuchao/PycharmProjects/HttpRunnerManager/ApiManager/utils/runner.py", line 165, in run_test_by_type
    run_by_single(id, base_url, path)
  File "/Users/liuchao/PycharmProjects/HttpRunnerManager/ApiManager/utils/runner.py", line 75, in run_by_single
    dump_yaml_file(os.path.join(testcase_dir_path, name + '.yml'), testcase_list)
  File "/Users/liuchao/PycharmProjects/HttpRunnerManager/ApiManager/utils/testcase.py", line 20, in dump_yaml_file
    with io.open(yaml_file, 'w', encoding='utf-8') as stream:
FileNotFoundError: [Errno 2] No such file or directory: '/account/ticket/login ç™»å½•æˆåŠŸ.yml'
2018-07-19 13:55:56,034 [django.request:93] [base:get_response] [WARNING]- Not Found: /
2018-07-19 13:56:17,992 [HttpRunnerManager:45] [views:login] [INFO]- test3 ç™»å½•æˆåŠŸ
